2019-04-17T06:46:04+00:00 DEBUG 
====Stripe Version: 4.1.15====
====Start Log====
Keys are not set correctly.
====End Log====


2019-04-17T06:46:34+00:00 DEBUG 
====Stripe Version: 4.1.15====
====Start Log====
Keys are not set correctly.
====End Log====


2019-04-17T06:52:36+00:00 DEBUG 
====Stripe Version: 4.1.15====
====Start Log====
Keys are not set correctly.
====End Log====


2019-04-17T08:12:14+00:00 DEBUG 
====Stripe Version: 4.1.15====
====Start Log====
Keys are not set correctly.
====End Log====


2019-04-17T08:12:26+00:00 DEBUG 
====Stripe Version: 4.1.15====
====Start Log====
Keys are not set correctly.
====End Log====


