2019-04-18T04:44:59+00:00 DEBUG 
====Stripe Version: 4.1.15====
====Start Log====
Keys are not set correctly.
====End Log====


2019-04-18T04:45:37+00:00 DEBUG 
====Stripe Version: 4.1.15====
====Start Log====
Keys are not set correctly.
====End Log====


2019-04-18T04:46:33+00:00 DEBUG 
====Stripe Version: 4.1.15====
====Start Log====
Keys are not set correctly.
====End Log====


2019-04-18T04:47:36+00:00 DEBUG 
====Stripe Version: 4.1.15====
====Start Log====
Keys are not set correctly.
====End Log====


2019-04-18T04:55:02+00:00 DEBUG 
====Stripe Version: 4.1.15====
====Start Log====
Keys are not set correctly.
====End Log====


2019-04-18T05:27:55+00:00 DEBUG 
====Stripe Version: 4.1.15====
====Start Log====
Error: Unable to verify domain - missing secret key.
====End Log====


2019-04-18T05:28:08+00:00 DEBUG 
====Stripe Version: 4.1.15====
====Start Log====
Error: Unable to verify domain - missing secret key.
====End Log====


